<?xml version="1.0" encoding="UTF-8"?>
<!-- Generated by org.testng.reporters.JUnitXMLReporter -->
<testsuite hostname="HYDHTC135682L" name="SmokeTestCases" tests="2" failures="1" timestamp="15 Jan 2018 07:05:47 GMT" time="196.246" errors="0">
  <testcase name="ValidatingErrorMessage" time="78.523" classname="test.westPacApplication">
    <failure type="org.openqa.selenium.NoSuchFrameException" message="No frame element found by name or id westpac-ifram
Build info: version: &amp;apos;2.53.1&amp;apos;, revision: &amp;apos;a36b8b1&amp;apos;, time: &amp;apos;2016-06-30 17:32:46&amp;apos;
System info: host: &amp;apos;HYDHTC135682L&amp;apos;, ip: &amp;apos;192.168.0.24&amp;apos;, os.name: &amp;apos;Windows 8.1&amp;apos;, os.arch: &amp;apos;amd64&amp;apos;, os.version: &amp;apos;6.3&amp;apos;, java.version: &amp;apos;1.8.0_60&amp;apos;
Driver info: driver.version: unknown">
      <![CDATA[org.openqa.selenium.NoSuchFrameException: No frame element found by name or id westpac-ifram
Build info: version: '2.53.1', revision: 'a36b8b1', time: '2016-06-30 17:32:46'
System info: host: 'HYDHTC135682L', ip: '192.168.0.24', os.name: 'Windows 8.1', os.arch: 'amd64', os.version: '6.3', java.version: '1.8.0_60'
Driver info: driver.version: unknown
	at org.openqa.selenium.remote.RemoteWebDriver$RemoteTargetLocator.frame(RemoteWebDriver.java:997)
	at test.westPacApplication.ValidatingErrorMessage(westPacApplication.java:214)
... Removed 24 stack frames]]>
    </failure>
  </testcase> <!-- ValidatingErrorMessage -->
  <testcase name="ValidatingConversionCurrency" time="92.154" classname="test.westPacApplication"/>
</testsuite> <!-- SmokeTestCases -->
